Сборка начата 13.12.2023 21:50:12.
Уровень детализации журнала: Normal.     1>Проект "E:\ОПИ лабы\Project\project\converter\converter\converter.vcxproj" в узле 2 (целевые объекты Build).
     1>InitializeBuildStatus:
         Обращение к "x64\Debug\converter.tlog\unsuccessfulbuild".
       ClCompile:
         Для всех выходных данных обновления не требуется.
       Link:
         C:\Program Files\Microsoft Visual Studio\2022\Community\VC\Tools\MSVC\14.37.32822\bin\HostX64\x64\link.exe /ERRORREPORT:PROMPT /OUT:"E:\ОПИ лабы\Project\project\converter\x64\Debug\converter.exe" /INCREMENTAL /ILK:"x64\Debug\converter.ilk" /NOLOGO kernel32.lib user32.lib gdi32.lib winspool.lib comdlg32.lib advapi32.lib shell32.lib ole32.lib oleaut32.lib uuid.lib odbc32.lib odbccp32.lib /MANIFEST /MANIFESTUAC:"level='asInvoker' uiAccess='false'" /manifest:embed /DEBUG /PDB:"E:\ОПИ лабы\Project\project\converter\x64\Debug\converter.pdb" /SUBSYSTEM:CONSOLE /TLBID:1 /DYNAMICBASE /NXCOMPAT /IMPLIB:"E:\ОПИ лабы\Project\project\converter\x64\Debug\converter.lib" /MACHINE:X64 x64\Debug\ASCII.obj
         x64\Debug\ASCIIWIN1251.obj
         x64\Debug\BIN.obj
         x64\Debug\converter.obj
         x64\Debug\CODE.obj
         x64\Debug\NUMBER.obj
         x64\Debug\UNICODE.obj
         x64\Debug\WINDOWS1251.obj
         "x64\Debug\UTF-16.obj"
         x64\Debug\UTF_8.obj
         converter.vcxproj -> E:\ОПИ лабы\Project\project\converter\x64\Debug\converter.exe
       FinalizeBuildStatus:
         Файл "x64\Debug\converter.tlog\unsuccessfulbuild" удаляется.
         Обращение к "x64\Debug\converter.tlog\converter.lastbuildstate".
     1>Сборка проекта "E:\ОПИ лабы\Project\project\converter\converter\converter.vcxproj" завершена (целевые объекты Build).

Сборка успешно завершена.
    Предупреждений: 0
    Ошибок: 0

Прошло времени 00:00:00.16
